<?xml version="1.0" encoding="UTF-8"?>
<testng-results ignored="0" total="1" passed="1" failed="0" skipped="0">
  <reporter-output>
  </reporter-output>
  <suite started-at="2025-06-24T16:36:23 IST" name="Default suite" finished-at="2025-06-24T16:36:37 IST" duration-ms="14151">
    <groups>
    </groups>
    <test started-at="2025-06-24T16:36:23 IST" name="Default test" finished-at="2025-06-24T16:36:37 IST" duration-ms="14151">
      <class name="WithTestNG.Day19_ScreenShot_TestNg">
        <test-method is-config="true" signature="launch()[pri:0, instance:WithTestNG.Day19_ScreenShot_TestNg@1c5920df]" started-at="2025-06-24T16:36:23 IST" name="launch" finished-at="2025-06-24T16:36:29 IST" duration-ms="5796" status="PASS">
          <reporter-output>
          </reporter-output>
        </test-method> <!-- launch -->
        <test-method signature="screenShot()[pri:0, instance:WithTestNG.Day19_ScreenShot_TestNg@1c5920df]" started-at="2025-06-24T16:36:29 IST" name="screenShot" finished-at="2025-06-24T16:36:37 IST" duration-ms="7935" status="PASS">
          <reporter-output>
          </reporter-output>
        </test-method> <!-- screenShot -->
        <test-method is-config="true" signature="terminate()[pri:0, instance:WithTestNG.Day19_ScreenShot_TestNg@1c5920df]" started-at="2025-06-24T16:36:37 IST" name="terminate" finished-at="2025-06-24T16:36:37 IST" duration-ms="333" status="PASS">
          <reporter-output>
          </reporter-output>
        </test-method> <!-- terminate -->
      </class> <!-- WithTestNG.Day19_ScreenShot_TestNg -->
    </test> <!-- Default test -->
  </suite> <!-- Default suite -->
</testng-results>
